0 info it worked if it ends with ok
1 verbose cli [ 'node', '/usr/local/bin/npm', 'install', '-g', 'spm-add' ]
2 info using npm@1.2.18
3 info using node@v0.10.6
4 verbose read json /usr/local/lib/package.json
5 verbose read json /usr/local/lib/package.json
6 verbose cache add [ 'spm-add', null ]
7 verbose cache add name=undefined spec="spm-add" args=["spm-add",null]
8 verbose parsed url { protocol: null,
8 verbose parsed url   slashes: null,
8 verbose parsed url   auth: null,
8 verbose parsed url   host: null,
8 verbose parsed url   port: null,
8 verbose parsed url   hostname: null,
8 verbose parsed url   hash: null,
8 verbose parsed url   search: null,
8 verbose parsed url   query: null,
8 verbose parsed url   pathname: 'spm-add',
8 verbose parsed url   path: 'spm-add',
8 verbose parsed url   href: 'spm-add' }
9 silly lockFile b51262a0-spm-add spm-add
10 verbose lock spm-add /Users/chengfeng/.npm/b51262a0-spm-add.lock
11 silly lockFile b51262a0-spm-add spm-add
12 silly lockFile b51262a0-spm-add spm-add
13 verbose addNamed [ 'spm-add', '' ]
14 verbose addNamed [ null, '' ]
15 silly lockFile fea1924d-spm-add spm-add@
16 verbose lock spm-add@ /Users/chengfeng/.npm/fea1924d-spm-add.lock
17 silly addNameRange { name: 'spm-add', range: '', hasData: false }
18 verbose url raw spm-add
19 verbose url resolving [ 'https://registry.npmjs.org/', './spm-add' ]
20 verbose url resolved https://registry.npmjs.org/spm-add
21 info trying registry request attempt 1 at 14:24:18
22 http GET https://registry.npmjs.org/spm-add
23 http 404 https://registry.npmjs.org/spm-add
24 silly registry.get cb [ 404,
24 silly registry.get   { server: 'CouchDB/1.3.0 (Erlang OTP/R15B03)',
24 silly registry.get     date: 'Mon, 20 May 2013 06:24:19 GMT',
24 silly registry.get     'content-type': 'application/json',
24 silly registry.get     'content-length': '52',
24 silly registry.get     'cache-control': 'must-revalidate' } ]
25 silly lockFile fea1924d-spm-add spm-add@
26 silly lockFile fea1924d-spm-add spm-add@
27 error 404 'spm-add' is not in the npm registry.
27 error 404 You should bug the author to publish it
27 error 404
27 error 404 Note that you can also install from a
27 error 404 tarball, folder, or http url, or git url.
28 error System Darwin 11.4.2
29 error command "node" "/usr/local/bin/npm" "install" "-g" "spm-add"
30 error cwd /Users/chengfeng/gitlab/ui-grid20
31 error node -v v0.10.6
32 error npm -v 1.2.18
33 error code E404
34 verbose exit [ 1, true ]
